ERROR - 2023-02-28 00:07:25 --> Error connecting to the database: mysqli_sql_exception: Access denied for user ''@'localhost' (using password: NO) in C:\xampp\htdocs\pengaduan_masyarakat\system\Database\MySQLi\Connection.php:174
Stack trace:
#0 C:\xampp\htdocs\pengaduan_masyarakat\system\Database\MySQLi\Connection.php(174): mysqli->real_connect('localhost', '', '', '', 3306, '', 0)
#1 C:\xampp\htdocs\pengaduan_masyarakat\system\Database\BaseConnection.php(391): CodeIgniter\Database\MySQLi\Connection->connect(false)
#2 C:\xampp\htdocs\pengaduan_masyarakat\system\Database\BaseConnection.php(573): CodeIgniter\Database\BaseConnection->initialize()
#3 C:\xampp\htdocs\pengaduan_masyarakat\system\Database\BaseBuilder.php(1602): CodeIgniter\Database\BaseConnection->query('SELECT *\nFROM `...', Array, false)
#4 C:\xampp\htdocs\pengaduan_masyarakat\system\Model.php(240): CodeIgniter\Database\BaseBuilder->get()
#5 C:\xampp\htdocs\pengaduan_masyarakat\system\BaseModel.php(618): CodeIgniter\Model->doFindAll(0, 0)
#6 C:\xampp\htdocs\pengaduan_masyarakat\app\Models\MasyarakatModel.php(16): CodeIgniter\BaseModel->findAll()
#7 C:\xampp\htdocs\pengaduan_masyarakat\app\Controllers\Admin\Masyarakat.php(20): App\Models\MasyarakatModel->getmasyarakat()
#8 C:\xampp\htdocs\pengaduan_masyarakat\system\CodeIgniter.php(934): App\Controllers\Admin\Masyarakat->index()
#9 C:\xampp\htdocs\pengaduan_masyarakat\system\CodeIgniter.php(499): CodeIgniter\CodeIgniter->runController(Object(App\Controllers\Admin\Masyarakat))
#10 C:\xampp\htdocs\pengaduan_masyarakat\system\CodeIgniter.php(368): CodeIgniter\CodeIgniter->handleRequest(NULL, Object(Config\Cache), false)
#11 C:\xampp\htdocs\pengaduan_masyarakat\public\index.php(67): CodeIgniter\CodeIgniter->run()
#12 C:\xampp\htdocs\pengaduan_masyarakat\system\Commands\Server\rewrite.php(47): require_once('C:\\xampp\\htdocs...')
#13 {main}

Next CodeIgniter\Database\Exceptions\DatabaseException: Access denied for user ''@'localhost' (using password: NO) in C:\xampp\htdocs\pengaduan_masyarakat\system\Database\MySQLi\Connection.php:218
Stack trace:
#0 C:\xampp\htdocs\pengaduan_masyarakat\system\Database\BaseConnection.php(391): CodeIgniter\Database\MySQLi\Connection->connect(false)
#1 C:\xampp\htdocs\pengaduan_masyarakat\system\Database\BaseConnection.php(573): CodeIgniter\Database\BaseConnection->initialize()
#2 C:\xampp\htdocs\pengaduan_masyarakat\system\Database\BaseBuilder.php(1602): CodeIgniter\Database\BaseConnection->query('SELECT *\nFROM `...', Array, false)
#3 C:\xampp\htdocs\pengaduan_masyarakat\system\Model.php(240): CodeIgniter\Database\BaseBuilder->get()
#4 C:\xampp\htdocs\pengaduan_masyarakat\system\BaseModel.php(618): CodeIgniter\Model->doFindAll(0, 0)
#5 C:\xampp\htdocs\pengaduan_masyarakat\app\Models\MasyarakatModel.php(16): CodeIgniter\BaseModel->findAll()
#6 C:\xampp\htdocs\pengaduan_masyarakat\app\Controllers\Admin\Masyarakat.php(20): App\Models\MasyarakatModel->getmasyarakat()
#7 C:\xampp\htdocs\pengaduan_masyarakat\system\CodeIgniter.php(934): App\Controllers\Admin\Masyarakat->index()
#8 C:\xampp\htdocs\pengaduan_masyarakat\system\CodeIgniter.php(499): CodeIgniter\CodeIgniter->runController(Object(App\Controllers\Admin\Masyarakat))
#9 C:\xampp\htdocs\pengaduan_masyarakat\system\CodeIgniter.php(368): CodeIgniter\CodeIgniter->handleRequest(NULL, Object(Config\Cache), false)
#10 C:\xampp\htdocs\pengaduan_masyarakat\public\index.php(67): CodeIgniter\CodeIgniter->run()
#11 C:\xampp\htdocs\pengaduan_masyarakat\system\Commands\Server\rewrite.php(47): require_once('C:\\xampp\\htdocs...')
#12 {main}
CRITICAL - 2023-02-28 00:07:25 --> Unable to connect to the database.
Main connection [MySQLi]: Access denied for user ''@'localhost' (using password: NO)
in SYSTEMPATH\Database\BaseConnection.php on line 427.
 1 SYSTEMPATH\Database\BaseConnection.php(573): CodeIgniter\Database\BaseConnection->initialize()
 2 SYSTEMPATH\Database\BaseBuilder.php(1602): CodeIgniter\Database\BaseConnection->query('SELECT *
FROM `tbl_masyarakat`', [], false)
 3 SYSTEMPATH\Model.php(240): CodeIgniter\Database\BaseBuilder->get()
 4 SYSTEMPATH\BaseModel.php(618): CodeIgniter\Model->doFindAll(0, 0)
 5 APPPATH\Models\MasyarakatModel.php(16): CodeIgniter\BaseModel->findAll()
 6 APPPATH\Controllers\Admin\Masyarakat.php(20): App\Models\MasyarakatModel->getmasyarakat()
 7 SYSTEMPATH\CodeIgniter.php(934): App\Controllers\Admin\Masyarakat->index()
 8 SYSTEMPATH\CodeIgniter.php(499): CodeIgniter\CodeIgniter->runController(Object(App\Controllers\Admin\Masyarakat))
 9 SYSTEMPATH\CodeIgniter.php(368): CodeIgniter\CodeIgniter->handleRequest(null, Object(Config\Cache), false)
10 FCPATH\index.php(67): CodeIgniter\CodeIgniter->run()
11 SYSTEMPATH\Commands\Server\rewrite.php(47): require_once('FCPATH\\index.php')
ERROR - 2023-02-28 00:08:20 --> mysqli_sql_exception: Table 'pengaduan_masyarakat.tbl_masyarakat' doesn't exist in C:\xampp\htdocs\pengaduan_masyarakat\system\Database\MySQLi\Connection.php:295
Stack trace:
#0 C:\xampp\htdocs\pengaduan_masyarakat\system\Database\MySQLi\Connection.php(295): mysqli->query('SELECT *\nFROM `...', 0)
#1 C:\xampp\htdocs\pengaduan_masyarakat\system\Database\BaseConnection.php(691): CodeIgniter\Database\MySQLi\Connection->execute('SELECT *\nFROM `...')
#2 C:\xampp\htdocs\pengaduan_masyarakat\system\Database\BaseConnection.php(605): CodeIgniter\Database\BaseConnection->simpleQuery('SELECT *\nFROM `...')
#3 C:\xampp\htdocs\pengaduan_masyarakat\system\Database\BaseBuilder.php(1602): CodeIgniter\Database\BaseConnection->query('SELECT *\nFROM `...', Array, false)
#4 C:\xampp\htdocs\pengaduan_masyarakat\system\Model.php(240): CodeIgniter\Database\BaseBuilder->get()
#5 C:\xampp\htdocs\pengaduan_masyarakat\system\BaseModel.php(618): CodeIgniter\Model->doFindAll(0, 0)
#6 C:\xampp\htdocs\pengaduan_masyarakat\app\Models\MasyarakatModel.php(16): CodeIgniter\BaseModel->findAll()
#7 C:\xampp\htdocs\pengaduan_masyarakat\app\Controllers\Admin\Masyarakat.php(20): App\Models\MasyarakatModel->getmasyarakat()
#8 C:\xampp\htdocs\pengaduan_masyarakat\system\CodeIgniter.php(934): App\Controllers\Admin\Masyarakat->index()
#9 C:\xampp\htdocs\pengaduan_masyarakat\system\CodeIgniter.php(499): CodeIgniter\CodeIgniter->runController(Object(App\Controllers\Admin\Masyarakat))
#10 C:\xampp\htdocs\pengaduan_masyarakat\system\CodeIgniter.php(368): CodeIgniter\CodeIgniter->handleRequest(NULL, Object(Config\Cache), false)
#11 C:\xampp\htdocs\pengaduan_masyarakat\public\index.php(67): CodeIgniter\CodeIgniter->run()
#12 C:\xampp\htdocs\pengaduan_masyarakat\system\Commands\Server\rewrite.php(47): require_once('C:\\xampp\\htdocs...')
#13 {main}
CRITICAL - 2023-02-28 00:08:20 --> Table 'pengaduan_masyarakat.tbl_masyarakat' doesn't exist
in SYSTEMPATH\Database\BaseConnection.php on line 645.
 1 SYSTEMPATH\Database\BaseBuilder.php(1602): CodeIgniter\Database\BaseConnection->query('SELECT *
FROM `tbl_masyarakat`', [], false)
 2 SYSTEMPATH\Model.php(240): CodeIgniter\Database\BaseBuilder->get()
 3 SYSTEMPATH\BaseModel.php(618): CodeIgniter\Model->doFindAll(0, 0)
 4 APPPATH\Models\MasyarakatModel.php(16): CodeIgniter\BaseModel->findAll()
 5 APPPATH\Controllers\Admin\Masyarakat.php(20): App\Models\MasyarakatModel->getmasyarakat()
 6 SYSTEMPATH\CodeIgniter.php(934): App\Controllers\Admin\Masyarakat->index()
 7 SYSTEMPATH\CodeIgniter.php(499): CodeIgniter\CodeIgniter->runController(Object(App\Controllers\Admin\Masyarakat))
 8 SYSTEMPATH\CodeIgniter.php(368): CodeIgniter\CodeIgniter->handleRequest(null, Object(Config\Cache), false)
 9 FCPATH\index.php(67): CodeIgniter\CodeIgniter->run()
10 SYSTEMPATH\Commands\Server\rewrite.php(47): require_once('FCPATH\\index.php')
CRITICAL - 2023-02-28 00:43:06 --> Undefined property: App\Controllers\Admin\Masyarakat::$siswaModel
in APPPATH\Controllers\Admin\Masyarakat.php on line 29.
 1 APPPATH\Controllers\Admin\Masyarakat.php(29): CodeIgniter\Debug\Exceptions->errorHandler(2, 'Undefined property: App\\Controllers\\Admin\\Masyarakat::$siswaModel', 'APPPATH\\Controllers\\Admin\\Masyarakat.php', 29)
 2 SYSTEMPATH\CodeIgniter.php(934): App\Controllers\Admin\Masyarakat->tambah()
 3 SYSTEMPATH\CodeIgniter.php(499): CodeIgniter\CodeIgniter->runController(Object(App\Controllers\Admin\Masyarakat))
 4 SYSTEMPATH\CodeIgniter.php(368): CodeIgniter\CodeIgniter->handleRequest(null, Object(Config\Cache), false)
 5 FCPATH\index.php(67): CodeIgniter\CodeIgniter->run()
 6 SYSTEMPATH\Commands\Server\rewrite.php(47): require_once('FCPATH\\index.php')
CRITICAL - 2023-02-28 00:47:34 --> Undefined variable $dataMasyarakat
in APPPATH\Views\admin\petugas\index.php on line 175.
 1 APPPATH\Views\admin\petugas\index.php(175): CodeIgniter\Debug\Exceptions->errorHandler(2, 'Undefined variable $dataMasyarakat', 'APPPATH\\Views\\admin\\petugas\\index.php', 175)
 2 SYSTEMPATH\View\View.php(213): include('APPPATH\\Views\\admin\\petugas\\index.php')
 3 SYSTEMPATH\View\View.php(216): CodeIgniter\View\View->CodeIgniter\View\{closure}()
 4 SYSTEMPATH\Common.php(1177): CodeIgniter\View\View->render('admin\\petugas\\index', [], true)
 5 APPPATH\Controllers\Admin\Petugas.php(13): view('admin\\petugas\\index', [...])
 6 SYSTEMPATH\CodeIgniter.php(934): App\Controllers\Admin\Petugas->index()
 7 SYSTEMPATH\CodeIgniter.php(499): CodeIgniter\CodeIgniter->runController(Object(App\Controllers\Admin\Petugas))
 8 SYSTEMPATH\CodeIgniter.php(368): CodeIgniter\CodeIgniter->handleRequest(null, Object(Config\Cache), false)
 9 FCPATH\index.php(67): CodeIgniter\CodeIgniter->run()
10 SYSTEMPATH\Commands\Server\rewrite.php(47): require_once('FCPATH\\index.php')
CRITICAL - 2023-02-28 00:56:46 --> Call to undefined method App\Models\PetugasModel::getMasyarakat
in SYSTEMPATH\Model.php on line 841.
 1 APPPATH\Controllers\Admin\Petugas.php(20): CodeIgniter\Model->__call('getMasyarakat', [])
 2 SYSTEMPATH\CodeIgniter.php(934): App\Controllers\Admin\Petugas->index()
 3 SYSTEMPATH\CodeIgniter.php(499): CodeIgniter\CodeIgniter->runController(Object(App\Controllers\Admin\Petugas))
 4 SYSTEMPATH\CodeIgniter.php(368): CodeIgniter\CodeIgniter->handleRequest(null, Object(Config\Cache), false)
 5 FCPATH\index.php(67): CodeIgniter\CodeIgniter->run()
 6 SYSTEMPATH\Commands\Server\rewrite.php(47): require_once('FCPATH\\index.php')
CRITICAL - 2023-02-28 00:59:19 --> Undefined variable $masyarakat
in APPPATH\Views\admin\petugas\index.php on line 188.
 1 APPPATH\Views\admin\petugas\index.php(188): CodeIgniter\Debug\Exceptions->errorHandler(2, 'Undefined variable $masyarakat', 'APPPATH\\Views\\admin\\petugas\\index.php', 188)
 2 SYSTEMPATH\View\View.php(213): include('APPPATH\\Views\\admin\\petugas\\index.php')
 3 SYSTEMPATH\View\View.php(216): CodeIgniter\View\View->CodeIgniter\View\{closure}()
 4 SYSTEMPATH\Common.php(1177): CodeIgniter\View\View->render('admin\\petugas\\index', [], true)
 5 APPPATH\Controllers\Admin\Petugas.php(22): view('admin\\petugas\\index', [...])
 6 SYSTEMPATH\CodeIgniter.php(934): App\Controllers\Admin\Petugas->index()
 7 SYSTEMPATH\CodeIgniter.php(499): CodeIgniter\CodeIgniter->runController(Object(App\Controllers\Admin\Petugas))
 8 SYSTEMPATH\CodeIgniter.php(368): CodeIgniter\CodeIgniter->handleRequest(null, Object(Config\Cache), false)
 9 FCPATH\index.php(67): CodeIgniter\CodeIgniter->run()
10 SYSTEMPATH\Commands\Server\rewrite.php(47): require_once('FCPATH\\index.php')
CRITICAL - 2023-02-28 01:01:42 --> Undefined variable $masyarakat
in APPPATH\Views\admin\petugas\index.php on line 189.
 1 APPPATH\Views\admin\petugas\index.php(189): CodeIgniter\Debug\Exceptions->errorHandler(2, 'Undefined variable $masyarakat', 'APPPATH\\Views\\admin\\petugas\\index.php', 189)
 2 SYSTEMPATH\View\View.php(213): include('APPPATH\\Views\\admin\\petugas\\index.php')
 3 SYSTEMPATH\View\View.php(216): CodeIgniter\View\View->CodeIgniter\View\{closure}()
 4 SYSTEMPATH\Common.php(1177): CodeIgniter\View\View->render('admin\\petugas\\index', [], true)
 5 APPPATH\Controllers\Admin\Petugas.php(22): view('admin\\petugas\\index', [...])
 6 SYSTEMPATH\CodeIgniter.php(934): App\Controllers\Admin\Petugas->index()
 7 SYSTEMPATH\CodeIgniter.php(499): CodeIgniter\CodeIgniter->runController(Object(App\Controllers\Admin\Petugas))
 8 SYSTEMPATH\CodeIgniter.php(368): CodeIgniter\CodeIgniter->handleRequest(null, Object(Config\Cache), false)
 9 FCPATH\index.php(67): CodeIgniter\CodeIgniter->run()
10 SYSTEMPATH\Commands\Server\rewrite.php(47): require_once('FCPATH\\index.php')
CRITICAL - 2023-02-28 01:02:16 --> Undefined variable $masyarakat
in APPPATH\Views\admin\petugas\index.php on line 199.
 1 APPPATH\Views\admin\petugas\index.php(199): CodeIgniter\Debug\Exceptions->errorHandler(2, 'Undefined variable $masyarakat', 'APPPATH\\Views\\admin\\petugas\\index.php', 199)
 2 SYSTEMPATH\View\View.php(213): include('APPPATH\\Views\\admin\\petugas\\index.php')
 3 SYSTEMPATH\View\View.php(216): CodeIgniter\View\View->CodeIgniter\View\{closure}()
 4 SYSTEMPATH\Common.php(1177): CodeIgniter\View\View->render('admin\\petugas\\index', [], true)
 5 APPPATH\Controllers\Admin\Petugas.php(22): view('admin\\petugas\\index', [...])
 6 SYSTEMPATH\CodeIgniter.php(934): App\Controllers\Admin\Petugas->index()
 7 SYSTEMPATH\CodeIgniter.php(499): CodeIgniter\CodeIgniter->runController(Object(App\Controllers\Admin\Petugas))
 8 SYSTEMPATH\CodeIgniter.php(368): CodeIgniter\CodeIgniter->handleRequest(null, Object(Config\Cache), false)
 9 FCPATH\index.php(67): CodeIgniter\CodeIgniter->run()
10 SYSTEMPATH\Commands\Server\rewrite.php(47): require_once('FCPATH\\index.php')
CRITICAL - 2023-02-28 01:09:41 --> Undefined array key "id_petugas"
in APPPATH\Controllers\Admin\Petugas.php on line 30.
 1 APPPATH\Controllers\Admin\Petugas.php(30): CodeIgniter\Debug\Exceptions->errorHandler(2, 'Undefined array key "id_petugas"', 'APPPATH\\Controllers\\Admin\\Petugas.php', 30)
 2 SYSTEMPATH\CodeIgniter.php(934): App\Controllers\Admin\Petugas->tambah()
 3 SYSTEMPATH\CodeIgniter.php(499): CodeIgniter\CodeIgniter->runController(Object(App\Controllers\Admin\Petugas))
 4 SYSTEMPATH\CodeIgniter.php(368): CodeIgniter\CodeIgniter->handleRequest(null, Object(Config\Cache), false)
 5 FCPATH\index.php(67): CodeIgniter\CodeIgniter->run()
 6 SYSTEMPATH\Commands\Server\rewrite.php(47): require_once('FCPATH\\index.php')
CRITICAL - 2023-02-28 01:27:50 --> Undefined property: App\Controllers\Admin\Petugas::$siswaModel
in APPPATH\Controllers\Admin\Petugas.php on line 45.
 1 APPPATH\Controllers\Admin\Petugas.php(45): CodeIgniter\Debug\Exceptions->errorHandler(2, 'Undefined property: App\\Controllers\\Admin\\Petugas::$siswaModel', 'APPPATH\\Controllers\\Admin\\Petugas.php', 45)
 2 SYSTEMPATH\CodeIgniter.php(934): App\Controllers\Admin\Petugas->update()
 3 SYSTEMPATH\CodeIgniter.php(499): CodeIgniter\CodeIgniter->runController(Object(App\Controllers\Admin\Petugas))
 4 SYSTEMPATH\CodeIgniter.php(368): CodeIgniter\CodeIgniter->handleRequest(null, Object(Config\Cache), false)
 5 FCPATH\index.php(67): CodeIgniter\CodeIgniter->run()
 6 SYSTEMPATH\Commands\Server\rewrite.php(47): require_once('FCPATH\\index.php')
CRITICAL - 2023-02-28 01:29:57 --> There is no data to update.
in SYSTEMPATH\BaseModel.php on line 1680.
 1 SYSTEMPATH\BaseModel.php(1680): CodeIgniter\Database\Exceptions\DataException::forEmptyDataset('update')
 2 SYSTEMPATH\BaseModel.php(910): CodeIgniter\BaseModel->transformDataToArray(null, 'update')
 3 SYSTEMPATH\Model.php(755): CodeIgniter\BaseModel->update([...], null)
 4 APPPATH\Controllers\Admin\Petugas.php(51): CodeIgniter\Model->update([...])
 5 SYSTEMPATH\CodeIgniter.php(934): App\Controllers\Admin\Petugas->update()
 6 SYSTEMPATH\CodeIgniter.php(499): CodeIgniter\CodeIgniter->runController(Object(App\Controllers\Admin\Petugas))
 7 SYSTEMPATH\CodeIgniter.php(368): CodeIgniter\CodeIgniter->handleRequest(null, Object(Config\Cache), false)
 8 FCPATH\index.php(67): CodeIgniter\CodeIgniter->run()
 9 SYSTEMPATH\Commands\Server\rewrite.php(47): require_once('FCPATH\\index.php')
CRITICAL - 2023-02-28 02:01:42 --> Deletes are not allowed unless they contain a "where" or "like" clause.
in SYSTEMPATH\Database\BaseBuilder.php on line 2753.
 1 SYSTEMPATH\Model.php(455): CodeIgniter\Database\BaseBuilder->delete()
 2 SYSTEMPATH\BaseModel.php(1065): CodeIgniter\Model->doDelete(null, false)
 3 APPPATH\Controllers\Admin\Masyarakat.php(46): CodeIgniter\BaseModel->delete(null)
 4 SYSTEMPATH\CodeIgniter.php(934): App\Controllers\Admin\Masyarakat->hapus()
 5 SYSTEMPATH\CodeIgniter.php(499): CodeIgniter\CodeIgniter->runController(Object(App\Controllers\Admin\Masyarakat))
 6 SYSTEMPATH\CodeIgniter.php(368): CodeIgniter\CodeIgniter->handleRequest(null, Object(Config\Cache), false)
 7 FCPATH\index.php(67): CodeIgniter\CodeIgniter->run()
 8 SYSTEMPATH\Commands\Server\rewrite.php(47): require_once('FCPATH\\index.php')
CRITICAL - 2023-02-28 02:02:28 --> Deletes are not allowed unless they contain a "where" or "like" clause.
in SYSTEMPATH\Database\BaseBuilder.php on line 2753.
 1 SYSTEMPATH\Model.php(455): CodeIgniter\Database\BaseBuilder->delete()
 2 SYSTEMPATH\BaseModel.php(1065): CodeIgniter\Model->doDelete(null, false)
 3 APPPATH\Controllers\Admin\Masyarakat.php(46): CodeIgniter\BaseModel->delete(null)
 4 SYSTEMPATH\CodeIgniter.php(934): App\Controllers\Admin\Masyarakat->hapus()
 5 SYSTEMPATH\CodeIgniter.php(499): CodeIgniter\CodeIgniter->runController(Object(App\Controllers\Admin\Masyarakat))
 6 SYSTEMPATH\CodeIgniter.php(368): CodeIgniter\CodeIgniter->handleRequest(null, Object(Config\Cache), false)
 7 FCPATH\index.php(67): CodeIgniter\CodeIgniter->run()
 8 SYSTEMPATH\Commands\Server\rewrite.php(47): require_once('FCPATH\\index.php')
CRITICAL - 2023-02-28 02:44:17 --> Class "App\Controllers\Admin\JabatanModel" not found
in APPPATH\Controllers\Admin\Beranda.php on line 12.
 1 SYSTEMPATH\CodeIgniter.php(906): App\Controllers\Admin\Beranda->__construct()
 2 SYSTEMPATH\CodeIgniter.php(490): CodeIgniter\CodeIgniter->createController()
 3 SYSTEMPATH\CodeIgniter.php(368): CodeIgniter\CodeIgniter->handleRequest(null, Object(Config\Cache), false)
 4 FCPATH\index.php(67): CodeIgniter\CodeIgniter->run()
 5 SYSTEMPATH\Commands\Server\rewrite.php(47): require_once('FCPATH\\index.php')
CRITICAL - 2023-02-28 02:46:36 --> Class "App\Controllers\Admin\PetugasModel" not found
in APPPATH\Controllers\Admin\Beranda.php on line 14.
 1 SYSTEMPATH\CodeIgniter.php(906): App\Controllers\Admin\Beranda->__construct()
 2 SYSTEMPATH\CodeIgniter.php(490): CodeIgniter\CodeIgniter->createController()
 3 SYSTEMPATH\CodeIgniter.php(368): CodeIgniter\CodeIgniter->handleRequest(null, Object(Config\Cache), false)
 4 FCPATH\index.php(67): CodeIgniter\CodeIgniter->run()
 5 SYSTEMPATH\Commands\Server\rewrite.php(47): require_once('FCPATH\\index.php')
