ERROR - 2023-03-06 01:26:56 --> Error connecting to the database: mysqli_sql_exception: Unknown database 'pengaduan_masyarakat2' in C:\xampp\htdocs\pengaduan_masyarakat\system\Database\MySQLi\Connection.php:174
Stack trace:
#0 C:\xampp\htdocs\pengaduan_masyarakat\system\Database\MySQLi\Connection.php(174): mysqli->real_connect('localhost', 'root', '', 'pengaduan_masya...', 3306, '', 0)
#1 C:\xampp\htdocs\pengaduan_masyarakat\system\Database\BaseConnection.php(391): CodeIgniter\Database\MySQLi\Connection->connect(false)
#2 C:\xampp\htdocs\pengaduan_masyarakat\system\Database\BaseConnection.php(573): CodeIgniter\Database\BaseConnection->initialize()
#3 C:\xampp\htdocs\pengaduan_masyarakat\system\Database\BaseBuilder.php(1602): CodeIgniter\Database\BaseConnection->query('SELECT *\nFROM `...', Array, false)
#4 C:\xampp\htdocs\pengaduan_masyarakat\system\Model.php(240): CodeIgniter\Database\BaseBuilder->get()
#5 C:\xampp\htdocs\pengaduan_masyarakat\system\BaseModel.php(618): CodeIgniter\Model->doFindAll(0, 0)
#6 C:\xampp\htdocs\pengaduan_masyarakat\app\Models\MasyarakatModel.php(16): CodeIgniter\BaseModel->findAll()
#7 C:\xampp\htdocs\pengaduan_masyarakat\app\Controllers\Admin\Beranda.php(24): App\Models\MasyarakatModel->getMasyarakat()
#8 C:\xampp\htdocs\pengaduan_masyarakat\system\CodeIgniter.php(934): App\Controllers\Admin\Beranda->index()
#9 C:\xampp\htdocs\pengaduan_masyarakat\system\CodeIgniter.php(499): CodeIgniter\CodeIgniter->runController(Object(App\Controllers\Admin\Beranda))
#10 C:\xampp\htdocs\pengaduan_masyarakat\system\CodeIgniter.php(368): CodeIgniter\CodeIgniter->handleRequest(NULL, Object(Config\Cache), false)
#11 C:\xampp\htdocs\pengaduan_masyarakat\public\index.php(67): CodeIgniter\CodeIgniter->run()
#12 C:\xampp\htdocs\pengaduan_masyarakat\system\Commands\Server\rewrite.php(47): require_once('C:\\xampp\\htdocs...')
#13 {main}

Next CodeIgniter\Database\Exceptions\DatabaseException: Unknown database 'pengaduan_masyarakat2' in C:\xampp\htdocs\pengaduan_masyarakat\system\Database\MySQLi\Connection.php:218
Stack trace:
#0 C:\xampp\htdocs\pengaduan_masyarakat\system\Database\BaseConnection.php(391): CodeIgniter\Database\MySQLi\Connection->connect(false)
#1 C:\xampp\htdocs\pengaduan_masyarakat\system\Database\BaseConnection.php(573): CodeIgniter\Database\BaseConnection->initialize()
#2 C:\xampp\htdocs\pengaduan_masyarakat\system\Database\BaseBuilder.php(1602): CodeIgniter\Database\BaseConnection->query('SELECT *\nFROM `...', Array, false)
#3 C:\xampp\htdocs\pengaduan_masyarakat\system\Model.php(240): CodeIgniter\Database\BaseBuilder->get()
#4 C:\xampp\htdocs\pengaduan_masyarakat\system\BaseModel.php(618): CodeIgniter\Model->doFindAll(0, 0)
#5 C:\xampp\htdocs\pengaduan_masyarakat\app\Models\MasyarakatModel.php(16): CodeIgniter\BaseModel->findAll()
#6 C:\xampp\htdocs\pengaduan_masyarakat\app\Controllers\Admin\Beranda.php(24): App\Models\MasyarakatModel->getMasyarakat()
#7 C:\xampp\htdocs\pengaduan_masyarakat\system\CodeIgniter.php(934): App\Controllers\Admin\Beranda->index()
#8 C:\xampp\htdocs\pengaduan_masyarakat\system\CodeIgniter.php(499): CodeIgniter\CodeIgniter->runController(Object(App\Controllers\Admin\Beranda))
#9 C:\xampp\htdocs\pengaduan_masyarakat\system\CodeIgniter.php(368): CodeIgniter\CodeIgniter->handleRequest(NULL, Object(Config\Cache), false)
#10 C:\xampp\htdocs\pengaduan_masyarakat\public\index.php(67): CodeIgniter\CodeIgniter->run()
#11 C:\xampp\htdocs\pengaduan_masyarakat\system\Commands\Server\rewrite.php(47): require_once('C:\\xampp\\htdocs...')
#12 {main}
CRITICAL - 2023-03-06 01:26:56 --> Unable to connect to the database.
Main connection [MySQLi]: Unknown database 'pengaduan_masyarakat2'
in SYSTEMPATH\Database\BaseConnection.php on line 427.
 1 SYSTEMPATH\Database\BaseConnection.php(573): CodeIgniter\Database\BaseConnection->initialize()
 2 SYSTEMPATH\Database\BaseBuilder.php(1602): CodeIgniter\Database\BaseConnection->query('SELECT *
FROM `masyarakat`', [], false)
 3 SYSTEMPATH\Model.php(240): CodeIgniter\Database\BaseBuilder->get()
 4 SYSTEMPATH\BaseModel.php(618): CodeIgniter\Model->doFindAll(0, 0)
 5 APPPATH\Models\MasyarakatModel.php(16): CodeIgniter\BaseModel->findAll()
 6 APPPATH\Controllers\Admin\Beranda.php(24): App\Models\MasyarakatModel->getMasyarakat()
 7 SYSTEMPATH\CodeIgniter.php(934): App\Controllers\Admin\Beranda->index()
 8 SYSTEMPATH\CodeIgniter.php(499): CodeIgniter\CodeIgniter->runController(Object(App\Controllers\Admin\Beranda))
 9 SYSTEMPATH\CodeIgniter.php(368): CodeIgniter\CodeIgniter->handleRequest(null, Object(Config\Cache), false)
10 FCPATH\index.php(67): CodeIgniter\CodeIgniter->run()
11 SYSTEMPATH\Commands\Server\rewrite.php(47): require_once('FCPATH\\index.php')
CRITICAL - 2023-03-06 01:55:01 --> Undefined property: App\Controllers\Masyarakat\Pengaduan::$MasyarakatModel
in APPPATH\Controllers\Masyarakat\Pengaduan.php on line 36.
 1 APPPATH\Controllers\Masyarakat\Pengaduan.php(36): CodeIgniter\Debug\Exceptions->errorHandler(2, 'Undefined property: App\\Controllers\\Masyarakat\\Pengaduan::$MasyarakatModel', 'APPPATH\\Controllers\\Masyarakat\\Pengaduan.php', 36)
 2 SYSTEMPATH\CodeIgniter.php(934): App\Controllers\Masyarakat\Pengaduan->proses_tambah()
 3 SYSTEMPATH\CodeIgniter.php(499): CodeIgniter\CodeIgniter->runController(Object(App\Controllers\Masyarakat\Pengaduan))
 4 SYSTEMPATH\CodeIgniter.php(368): CodeIgniter\CodeIgniter->handleRequest(null, Object(Config\Cache), false)
 5 FCPATH\index.php(67): CodeIgniter\CodeIgniter->run()
 6 SYSTEMPATH\Commands\Server\rewrite.php(47): require_once('FCPATH\\index.php')
CRITICAL - 2023-03-06 01:56:42 --> Undefined array key "id_pengaduan"
in APPPATH\Controllers\Masyarakat\Pengaduan.php on line 37.
 1 APPPATH\Controllers\Masyarakat\Pengaduan.php(37): CodeIgniter\Debug\Exceptions->errorHandler(2, 'Undefined array key "id_pengaduan"', 'APPPATH\\Controllers\\Masyarakat\\Pengaduan.php', 37)
 2 SYSTEMPATH\CodeIgniter.php(934): App\Controllers\Masyarakat\Pengaduan->proses_tambah()
 3 SYSTEMPATH\CodeIgniter.php(499): CodeIgniter\CodeIgniter->runController(Object(App\Controllers\Masyarakat\Pengaduan))
 4 SYSTEMPATH\CodeIgniter.php(368): CodeIgniter\CodeIgniter->handleRequest(null, Object(Config\Cache), false)
 5 FCPATH\index.php(67): CodeIgniter\CodeIgniter->run()
 6 SYSTEMPATH\Commands\Server\rewrite.php(47): require_once('FCPATH\\index.php')
CRITICAL - 2023-03-06 01:58:55 --> Undefined property: App\Controllers\Masyarakat\Pengaduan::$MasyarakatModel
in APPPATH\Controllers\Masyarakat\Pengaduan.php on line 36.
 1 APPPATH\Controllers\Masyarakat\Pengaduan.php(36): CodeIgniter\Debug\Exceptions->errorHandler(2, 'Undefined property: App\\Controllers\\Masyarakat\\Pengaduan::$MasyarakatModel', 'APPPATH\\Controllers\\Masyarakat\\Pengaduan.php', 36)
 2 SYSTEMPATH\CodeIgniter.php(934): App\Controllers\Masyarakat\Pengaduan->proses_tambah()
 3 SYSTEMPATH\CodeIgniter.php(499): CodeIgniter\CodeIgniter->runController(Object(App\Controllers\Masyarakat\Pengaduan))
 4 SYSTEMPATH\CodeIgniter.php(368): CodeIgniter\CodeIgniter->handleRequest(null, Object(Config\Cache), false)
 5 FCPATH\index.php(67): CodeIgniter\CodeIgniter->run()
 6 SYSTEMPATH\Commands\Server\rewrite.php(47): require_once('FCPATH\\index.php')
CRITICAL - 2023-03-06 01:59:32 --> Undefined array key "id_pengaduan"
in APPPATH\Controllers\Masyarakat\Pengaduan.php on line 37.
 1 APPPATH\Controllers\Masyarakat\Pengaduan.php(37): CodeIgniter\Debug\Exceptions->errorHandler(2, 'Undefined array key "id_pengaduan"', 'APPPATH\\Controllers\\Masyarakat\\Pengaduan.php', 37)
 2 SYSTEMPATH\CodeIgniter.php(934): App\Controllers\Masyarakat\Pengaduan->proses_tambah()
 3 SYSTEMPATH\CodeIgniter.php(499): CodeIgniter\CodeIgniter->runController(Object(App\Controllers\Masyarakat\Pengaduan))
 4 SYSTEMPATH\CodeIgniter.php(368): CodeIgniter\CodeIgniter->handleRequest(null, Object(Config\Cache), false)
 5 FCPATH\index.php(67): CodeIgniter\CodeIgniter->run()
 6 SYSTEMPATH\Commands\Server\rewrite.php(47): require_once('FCPATH\\index.php')
CRITICAL - 2023-03-06 02:01:48 --> Undefined array key "tgl_pengaduan"
in APPPATH\Controllers\Masyarakat\Pengaduan.php on line 38.
 1 APPPATH\Controllers\Masyarakat\Pengaduan.php(38): CodeIgniter\Debug\Exceptions->errorHandler(2, 'Undefined array key "tgl_pengaduan"', 'APPPATH\\Controllers\\Masyarakat\\Pengaduan.php', 38)
 2 SYSTEMPATH\CodeIgniter.php(934): App\Controllers\Masyarakat\Pengaduan->proses_tambah()
 3 SYSTEMPATH\CodeIgniter.php(499): CodeIgniter\CodeIgniter->runController(Object(App\Controllers\Masyarakat\Pengaduan))
 4 SYSTEMPATH\CodeIgniter.php(368): CodeIgniter\CodeIgniter->handleRequest(null, Object(Config\Cache), false)
 5 FCPATH\index.php(67): CodeIgniter\CodeIgniter->run()
 6 SYSTEMPATH\Commands\Server\rewrite.php(47): require_once('FCPATH\\index.php')
CRITICAL - 2023-03-06 02:08:11 --> Cannot access offset of type string on string
in APPPATH\Controllers\Masyarakat\Pengaduan.php on line 38.
 1 SYSTEMPATH\CodeIgniter.php(934): App\Controllers\Masyarakat\Pengaduan->proses_tambah()
 2 SYSTEMPATH\CodeIgniter.php(499): CodeIgniter\CodeIgniter->runController(Object(App\Controllers\Masyarakat\Pengaduan))
 3 SYSTEMPATH\CodeIgniter.php(368): CodeIgniter\CodeIgniter->handleRequest(null, Object(Config\Cache), false)
 4 FCPATH\index.php(67): CodeIgniter\CodeIgniter->run()
 5 SYSTEMPATH\Commands\Server\rewrite.php(47): require_once('FCPATH\\index.php')
CRITICAL - 2023-03-06 02:09:19 --> Cannot access offset of type string on string
in APPPATH\Controllers\Masyarakat\Pengaduan.php on line 38.
 1 SYSTEMPATH\CodeIgniter.php(934): App\Controllers\Masyarakat\Pengaduan->proses_tambah()
 2 SYSTEMPATH\CodeIgniter.php(499): CodeIgniter\CodeIgniter->runController(Object(App\Controllers\Masyarakat\Pengaduan))
 3 SYSTEMPATH\CodeIgniter.php(368): CodeIgniter\CodeIgniter->handleRequest(null, Object(Config\Cache), false)
 4 FCPATH\index.php(67): CodeIgniter\CodeIgniter->run()
 5 SYSTEMPATH\Commands\Server\rewrite.php(47): require_once('FCPATH\\index.php')
CRITICAL - 2023-03-06 02:10:27 --> Cannot access offset of type string on string
in APPPATH\Controllers\Masyarakat\Pengaduan.php on line 38.
 1 SYSTEMPATH\CodeIgniter.php(934): App\Controllers\Masyarakat\Pengaduan->proses_tambah()
 2 SYSTEMPATH\CodeIgniter.php(499): CodeIgniter\CodeIgniter->runController(Object(App\Controllers\Masyarakat\Pengaduan))
 3 SYSTEMPATH\CodeIgniter.php(368): CodeIgniter\CodeIgniter->handleRequest(null, Object(Config\Cache), false)
 4 FCPATH\index.php(67): CodeIgniter\CodeIgniter->run()
 5 SYSTEMPATH\Commands\Server\rewrite.php(47): require_once('FCPATH\\index.php')
CRITICAL - 2023-03-06 02:14:40 --> Undefined array key "nik"
in APPPATH\Controllers\Masyarakat\Pengaduan.php on line 39.
 1 APPPATH\Controllers\Masyarakat\Pengaduan.php(39): CodeIgniter\Debug\Exceptions->errorHandler(2, 'Undefined array key "nik"', 'APPPATH\\Controllers\\Masyarakat\\Pengaduan.php', 39)
 2 SYSTEMPATH\CodeIgniter.php(934): App\Controllers\Masyarakat\Pengaduan->proses_tambah()
 3 SYSTEMPATH\CodeIgniter.php(499): CodeIgniter\CodeIgniter->runController(Object(App\Controllers\Masyarakat\Pengaduan))
 4 SYSTEMPATH\CodeIgniter.php(368): CodeIgniter\CodeIgniter->handleRequest(null, Object(Config\Cache), false)
 5 FCPATH\index.php(67): CodeIgniter\CodeIgniter->run()
 6 SYSTEMPATH\Commands\Server\rewrite.php(47): require_once('FCPATH\\index.php')
CRITICAL - 2023-03-06 02:16:52 --> Undefined array key "isi_laporan"
in APPPATH\Controllers\Masyarakat\Pengaduan.php on line 40.
 1 APPPATH\Controllers\Masyarakat\Pengaduan.php(40): CodeIgniter\Debug\Exceptions->errorHandler(2, 'Undefined array key "isi_laporan"', 'APPPATH\\Controllers\\Masyarakat\\Pengaduan.php', 40)
 2 SYSTEMPATH\CodeIgniter.php(934): App\Controllers\Masyarakat\Pengaduan->proses_tambah()
 3 SYSTEMPATH\CodeIgniter.php(499): CodeIgniter\CodeIgniter->runController(Object(App\Controllers\Masyarakat\Pengaduan))
 4 SYSTEMPATH\CodeIgniter.php(368): CodeIgniter\CodeIgniter->handleRequest(null, Object(Config\Cache), false)
 5 FCPATH\index.php(67): CodeIgniter\CodeIgniter->run()
 6 SYSTEMPATH\Commands\Server\rewrite.php(47): require_once('FCPATH\\index.php')
CRITICAL - 2023-03-06 03:18:26 --> Undefined array key "isi_pengaduan"
in APPPATH\Views\petugas\pengaduan\index.php on line 158.
 1 APPPATH\Views\petugas\pengaduan\index.php(158): CodeIgniter\Debug\Exceptions->errorHandler(2, 'Undefined array key "isi_pengaduan"', 'APPPATH\\Views\\petugas\\pengaduan\\index.php', 158)
 2 SYSTEMPATH\View\View.php(213): include('APPPATH\\Views\\petugas\\pengaduan\\index.php')
 3 SYSTEMPATH\View\View.php(216): CodeIgniter\View\View->CodeIgniter\View\{closure}()
 4 SYSTEMPATH\Common.php(1177): CodeIgniter\View\View->render('petugas\\pengaduan\\index', [], true)
 5 APPPATH\Controllers\Petugas\Pengaduan.php(21): view('petugas\\pengaduan\\index', [...])
 6 SYSTEMPATH\CodeIgniter.php(934): App\Controllers\Petugas\Pengaduan->index()
 7 SYSTEMPATH\CodeIgniter.php(499): CodeIgniter\CodeIgniter->runController(Object(App\Controllers\Petugas\Pengaduan))
 8 SYSTEMPATH\CodeIgniter.php(368): CodeIgniter\CodeIgniter->handleRequest(null, Object(Config\Cache), false)
 9 FCPATH\index.php(67): CodeIgniter\CodeIgniter->run()
10 SYSTEMPATH\Commands\Server\rewrite.php(47): require_once('FCPATH\\index.php')
CRITICAL - 2023-03-06 04:31:03 --> Undefined variable $judul
in APPPATH\Views\petugas\pengaduan\add.php on line 111.
 1 APPPATH\Views\petugas\pengaduan\add.php(111): CodeIgniter\Debug\Exceptions->errorHandler(2, 'Undefined variable $judul', 'APPPATH\\Views\\petugas\\pengaduan\\add.php', 111)
 2 SYSTEMPATH\View\View.php(213): include('APPPATH\\Views\\petugas\\pengaduan\\add.php')
 3 SYSTEMPATH\View\View.php(216): CodeIgniter\View\View->CodeIgniter\View\{closure}()
 4 SYSTEMPATH\Common.php(1177): CodeIgniter\View\View->render('/petugas/pengaduan/add', [], true)
 5 APPPATH\Controllers\Petugas\Pengaduan.php(24): view('/petugas/pengaduan/add')
 6 SYSTEMPATH\CodeIgniter.php(934): App\Controllers\Petugas\Pengaduan->form_add()
 7 SYSTEMPATH\CodeIgniter.php(499): CodeIgniter\CodeIgniter->runController(Object(App\Controllers\Petugas\Pengaduan))
 8 SYSTEMPATH\CodeIgniter.php(368): CodeIgniter\CodeIgniter->handleRequest(null, Object(Config\Cache), false)
 9 FCPATH\index.php(67): CodeIgniter\CodeIgniter->run()
10 SYSTEMPATH\Commands\Server\rewrite.php(47): require_once('FCPATH\\index.php')
