CRITICAL - 2023-02-27 23:40:19 --> Undefined variable $judul
in APPPATH\Views\petugas\pengaduan\index.php on line 135.
 1 APPPATH\Views\petugas\pengaduan\index.php(135): CodeIgniter\Debug\Exceptions->errorHandler(2, 'Undefined variable $judul', 'APPPATH\\Views\\petugas\\pengaduan\\index.php', 135)
 2 SYSTEMPATH\View\View.php(213): include('APPPATH\\Views\\petugas\\pengaduan\\index.php')
 3 SYSTEMPATH\View\View.php(216): CodeIgniter\View\View->CodeIgniter\View\{closure}()
 4 SYSTEMPATH\Common.php(1177): CodeIgniter\View\View->render('petugas\\pengaduan\\index', [], true)
 5 APPPATH\Controllers\Petugas\Pengaduan.php(10): view('petugas\\pengaduan\\index')
 6 SYSTEMPATH\CodeIgniter.php(934): App\Controllers\Petugas\Pengaduan->index()
 7 SYSTEMPATH\CodeIgniter.php(499): CodeIgniter\CodeIgniter->runController(Object(App\Controllers\Petugas\Pengaduan))
 8 SYSTEMPATH\CodeIgniter.php(368): CodeIgniter\CodeIgniter->handleRequest(null, Object(Config\Cache), false)
 9 FCPATH\index.php(67): CodeIgniter\CodeIgniter->run()
10 SYSTEMPATH\Commands\Server\rewrite.php(47): require_once('FCPATH\\index.php')
CRITICAL - 2023-02-27 23:41:03 --> Undefined variable $judul
in APPPATH\Views\petugas\pengaduan\index.php on line 135.
 1 APPPATH\Views\petugas\pengaduan\index.php(135): CodeIgniter\Debug\Exceptions->errorHandler(2, 'Undefined variable $judul', 'APPPATH\\Views\\petugas\\pengaduan\\index.php', 135)
 2 SYSTEMPATH\View\View.php(213): include('APPPATH\\Views\\petugas\\pengaduan\\index.php')
 3 SYSTEMPATH\View\View.php(216): CodeIgniter\View\View->CodeIgniter\View\{closure}()
 4 SYSTEMPATH\Common.php(1177): CodeIgniter\View\View->render('petugas\\pengaduan\\index', [], true)
 5 APPPATH\Controllers\Petugas\Pengaduan.php(13): view('petugas\\pengaduan\\index')
 6 SYSTEMPATH\CodeIgniter.php(934): App\Controllers\Petugas\Pengaduan->index()
 7 SYSTEMPATH\CodeIgniter.php(499): CodeIgniter\CodeIgniter->runController(Object(App\Controllers\Petugas\Pengaduan))
 8 SYSTEMPATH\CodeIgniter.php(368): CodeIgniter\CodeIgniter->handleRequest(null, Object(Config\Cache), false)
 9 FCPATH\index.php(67): CodeIgniter\CodeIgniter->run()
10 SYSTEMPATH\Commands\Server\rewrite.php(47): require_once('FCPATH\\index.php')
CRITICAL - 2023-02-27 23:41:05 --> Undefined variable $judul
in APPPATH\Views\petugas\pengaduan\index.php on line 135.
 1 APPPATH\Views\petugas\pengaduan\index.php(135): CodeIgniter\Debug\Exceptions->errorHandler(2, 'Undefined variable $judul', 'APPPATH\\Views\\petugas\\pengaduan\\index.php', 135)
 2 SYSTEMPATH\View\View.php(213): include('APPPATH\\Views\\petugas\\pengaduan\\index.php')
 3 SYSTEMPATH\View\View.php(216): CodeIgniter\View\View->CodeIgniter\View\{closure}()
 4 SYSTEMPATH\Common.php(1177): CodeIgniter\View\View->render('petugas\\pengaduan\\index', [], true)
 5 APPPATH\Controllers\Petugas\Pengaduan.php(13): view('petugas\\pengaduan\\index')
 6 SYSTEMPATH\CodeIgniter.php(934): App\Controllers\Petugas\Pengaduan->index()
 7 SYSTEMPATH\CodeIgniter.php(499): CodeIgniter\CodeIgniter->runController(Object(App\Controllers\Petugas\Pengaduan))
 8 SYSTEMPATH\CodeIgniter.php(368): CodeIgniter\CodeIgniter->handleRequest(null, Object(Config\Cache), false)
 9 FCPATH\index.php(67): CodeIgniter\CodeIgniter->run()
10 SYSTEMPATH\Commands\Server\rewrite.php(47): require_once('FCPATH\\index.php')
CRITICAL - 2023-02-27 23:41:05 --> Undefined variable $judul
in APPPATH\Views\petugas\pengaduan\index.php on line 135.
 1 APPPATH\Views\petugas\pengaduan\index.php(135): CodeIgniter\Debug\Exceptions->errorHandler(2, 'Undefined variable $judul', 'APPPATH\\Views\\petugas\\pengaduan\\index.php', 135)
 2 SYSTEMPATH\View\View.php(213): include('APPPATH\\Views\\petugas\\pengaduan\\index.php')
 3 SYSTEMPATH\View\View.php(216): CodeIgniter\View\View->CodeIgniter\View\{closure}()
 4 SYSTEMPATH\Common.php(1177): CodeIgniter\View\View->render('petugas\\pengaduan\\index', [], true)
 5 APPPATH\Controllers\Petugas\Pengaduan.php(13): view('petugas\\pengaduan\\index')
 6 SYSTEMPATH\CodeIgniter.php(934): App\Controllers\Petugas\Pengaduan->index()
 7 SYSTEMPATH\CodeIgniter.php(499): CodeIgniter\CodeIgniter->runController(Object(App\Controllers\Petugas\Pengaduan))
 8 SYSTEMPATH\CodeIgniter.php(368): CodeIgniter\CodeIgniter->handleRequest(null, Object(Config\Cache), false)
 9 FCPATH\index.php(67): CodeIgniter\CodeIgniter->run()
10 SYSTEMPATH\Commands\Server\rewrite.php(47): require_once('FCPATH\\index.php')
CRITICAL - 2023-02-27 23:43:02 --> Undefined variable $judul
in APPPATH\Views\masyarakat\pengaduan\index.php on line 135.
 1 APPPATH\Views\masyarakat\pengaduan\index.php(135): CodeIgniter\Debug\Exceptions->errorHandler(2, 'Undefined variable $judul', 'APPPATH\\Views\\masyarakat\\pengaduan\\index.php', 135)
 2 SYSTEMPATH\View\View.php(213): include('APPPATH\\Views\\masyarakat\\pengaduan\\index.php')
 3 SYSTEMPATH\View\View.php(216): CodeIgniter\View\View->CodeIgniter\View\{closure}()
 4 SYSTEMPATH\Common.php(1177): CodeIgniter\View\View->render('masyarakat\\pengaduan\\index', [], true)
 5 APPPATH\Controllers\Masyarakat\Pengaduan.php(10): view('masyarakat\\pengaduan\\index')
 6 SYSTEMPATH\CodeIgniter.php(934): App\Controllers\Masyarakat\Pengaduan->index()
 7 SYSTEMPATH\CodeIgniter.php(499): CodeIgniter\CodeIgniter->runController(Object(App\Controllers\Masyarakat\Pengaduan))
 8 SYSTEMPATH\CodeIgniter.php(368): CodeIgniter\CodeIgniter->handleRequest(null, Object(Config\Cache), false)
 9 FCPATH\index.php(67): CodeIgniter\CodeIgniter->run()
10 SYSTEMPATH\Commands\Server\rewrite.php(47): require_once('FCPATH\\index.php')
