CRITICAL - 2023-03-08 01:18:47 --> Undefined property: App\Controllers\Home::$session
in APPPATH\Controllers\Home.php on line 37.
 1 APPPATH\Controllers\Home.php(37): CodeIgniter\Debug\Exceptions->errorHandler(2, 'Undefined property: App\\Controllers\\Home::$session', 'APPPATH\\Controllers\\Home.php', 37)
 2 SYSTEMPATH\CodeIgniter.php(934): App\Controllers\Home->login()
 3 SYSTEMPATH\CodeIgniter.php(499): CodeIgniter\CodeIgniter->runController(Object(App\Controllers\Home))
 4 SYSTEMPATH\CodeIgniter.php(368): CodeIgniter\CodeIgniter->handleRequest(null, Object(Config\Cache), false)
 5 FCPATH\index.php(67): CodeIgniter\CodeIgniter->run()
 6 SYSTEMPATH\Commands\Server\rewrite.php(47): require_once('FCPATH\\index.php')
CRITICAL - 2023-03-08 01:20:01 --> Undefined property: App\Controllers\Home::$load
in APPPATH\Controllers\Home.php on line 38.
 1 APPPATH\Controllers\Home.php(38): CodeIgniter\Debug\Exceptions->errorHandler(2, 'Undefined property: App\\Controllers\\Home::$load', 'APPPATH\\Controllers\\Home.php', 38)
 2 SYSTEMPATH\CodeIgniter.php(934): App\Controllers\Home->login()
 3 SYSTEMPATH\CodeIgniter.php(499): CodeIgniter\CodeIgniter->runController(Object(App\Controllers\Home))
 4 SYSTEMPATH\CodeIgniter.php(368): CodeIgniter\CodeIgniter->handleRequest(null, Object(Config\Cache), false)
 5 FCPATH\index.php(67): CodeIgniter\CodeIgniter->run()
 6 SYSTEMPATH\Commands\Server\rewrite.php(47): require_once('FCPATH\\index.php')
CRITICAL - 2023-03-08 01:35:11 --> Undefined property: App\Controllers\Petugas\Login::$PetugasModel
in APPPATH\Controllers\Petugas\Login.php on line 17.
 1 APPPATH\Controllers\Petugas\Login.php(17): CodeIgniter\Debug\Exceptions->errorHandler(2, 'Undefined property: App\\Controllers\\Petugas\\Login::$PetugasModel', 'APPPATH\\Controllers\\Petugas\\Login.php', 17)
 2 SYSTEMPATH\CodeIgniter.php(934): App\Controllers\Petugas\Login->login()
 3 SYSTEMPATH\CodeIgniter.php(499): CodeIgniter\CodeIgniter->runController(Object(App\Controllers\Petugas\Login))
 4 SYSTEMPATH\CodeIgniter.php(368): CodeIgniter\CodeIgniter->handleRequest(null, Object(Config\Cache), false)
 5 FCPATH\index.php(67): CodeIgniter\CodeIgniter->run()
 6 SYSTEMPATH\Commands\Server\rewrite.php(47): require_once('FCPATH\\index.php')
CRITICAL - 2023-03-08 01:36:18 --> Undefined property: App\Controllers\Petugas\Login::$PetugasModel
in APPPATH\Controllers\Petugas\Login.php on line 18.
 1 APPPATH\Controllers\Petugas\Login.php(18): CodeIgniter\Debug\Exceptions->errorHandler(2, 'Undefined property: App\\Controllers\\Petugas\\Login::$PetugasModel', 'APPPATH\\Controllers\\Petugas\\Login.php', 18)
 2 SYSTEMPATH\CodeIgniter.php(934): App\Controllers\Petugas\Login->login()
 3 SYSTEMPATH\CodeIgniter.php(499): CodeIgniter\CodeIgniter->runController(Object(App\Controllers\Petugas\Login))
 4 SYSTEMPATH\CodeIgniter.php(368): CodeIgniter\CodeIgniter->handleRequest(null, Object(Config\Cache), false)
 5 FCPATH\index.php(67): CodeIgniter\CodeIgniter->run()
 6 SYSTEMPATH\Commands\Server\rewrite.php(47): require_once('FCPATH\\index.php')
CRITICAL - 2023-03-08 01:36:42 --> Undefined property: App\Controllers\Petugas\Login::$PetugasModel
in APPPATH\Controllers\Petugas\Login.php on line 18.
 1 APPPATH\Controllers\Petugas\Login.php(18): CodeIgniter\Debug\Exceptions->errorHandler(2, 'Undefined property: App\\Controllers\\Petugas\\Login::$PetugasModel', 'APPPATH\\Controllers\\Petugas\\Login.php', 18)
 2 SYSTEMPATH\CodeIgniter.php(934): App\Controllers\Petugas\Login->login()
 3 SYSTEMPATH\CodeIgniter.php(499): CodeIgniter\CodeIgniter->runController(Object(App\Controllers\Petugas\Login))
 4 SYSTEMPATH\CodeIgniter.php(368): CodeIgniter\CodeIgniter->handleRequest(null, Object(Config\Cache), false)
 5 FCPATH\index.php(67): CodeIgniter\CodeIgniter->run()
 6 SYSTEMPATH\Commands\Server\rewrite.php(47): require_once('FCPATH\\index.php')
CRITICAL - 2023-03-08 01:38:02 --> Undefined property: App\Controllers\Petugas\Login::$load
in APPPATH\Controllers\Petugas\Login.php on line 37.
 1 APPPATH\Controllers\Petugas\Login.php(37): CodeIgniter\Debug\Exceptions->errorHandler(2, 'Undefined property: App\\Controllers\\Petugas\\Login::$load', 'APPPATH\\Controllers\\Petugas\\Login.php', 37)
 2 SYSTEMPATH\CodeIgniter.php(934): App\Controllers\Petugas\Login->login()
 3 SYSTEMPATH\CodeIgniter.php(499): CodeIgniter\CodeIgniter->runController(Object(App\Controllers\Petugas\Login))
 4 SYSTEMPATH\CodeIgniter.php(368): CodeIgniter\CodeIgniter->handleRequest(null, Object(Config\Cache), false)
 5 FCPATH\index.php(67): CodeIgniter\CodeIgniter->run()
 6 SYSTEMPATH\Commands\Server\rewrite.php(47): require_once('FCPATH\\index.php')
CRITICAL - 2023-03-08 01:40:45 --> Undefined property: App\Controllers\Petugas\Login::$load
in APPPATH\Controllers\Petugas\Login.php on line 37.
 1 APPPATH\Controllers\Petugas\Login.php(37): CodeIgniter\Debug\Exceptions->errorHandler(2, 'Undefined property: App\\Controllers\\Petugas\\Login::$load', 'APPPATH\\Controllers\\Petugas\\Login.php', 37)
 2 SYSTEMPATH\CodeIgniter.php(934): App\Controllers\Petugas\Login->login()
 3 SYSTEMPATH\CodeIgniter.php(499): CodeIgniter\CodeIgniter->runController(Object(App\Controllers\Petugas\Login))
 4 SYSTEMPATH\CodeIgniter.php(368): CodeIgniter\CodeIgniter->handleRequest(null, Object(Config\Cache), false)
 5 FCPATH\index.php(67): CodeIgniter\CodeIgniter->run()
 6 SYSTEMPATH\Commands\Server\rewrite.php(47): require_once('FCPATH\\index.php')
CRITICAL - 2023-03-08 01:41:24 --> Undefined property: App\Controllers\Petugas\Login::$load
in APPPATH\Controllers\Petugas\Login.php on line 37.
 1 APPPATH\Controllers\Petugas\Login.php(37): CodeIgniter\Debug\Exceptions->errorHandler(2, 'Undefined property: App\\Controllers\\Petugas\\Login::$load', 'APPPATH\\Controllers\\Petugas\\Login.php', 37)
 2 SYSTEMPATH\CodeIgniter.php(934): App\Controllers\Petugas\Login->login()
 3 SYSTEMPATH\CodeIgniter.php(499): CodeIgniter\CodeIgniter->runController(Object(App\Controllers\Petugas\Login))
 4 SYSTEMPATH\CodeIgniter.php(368): CodeIgniter\CodeIgniter->handleRequest(null, Object(Config\Cache), false)
 5 FCPATH\index.php(67): CodeIgniter\CodeIgniter->run()
 6 SYSTEMPATH\Commands\Server\rewrite.php(47): require_once('FCPATH\\index.php')
CRITICAL - 2023-03-08 01:41:38 --> Undefined property: App\Controllers\Petugas\Login::$load
in APPPATH\Controllers\Petugas\Login.php on line 37.
 1 APPPATH\Controllers\Petugas\Login.php(37): CodeIgniter\Debug\Exceptions->errorHandler(2, 'Undefined property: App\\Controllers\\Petugas\\Login::$load', 'APPPATH\\Controllers\\Petugas\\Login.php', 37)
 2 SYSTEMPATH\CodeIgniter.php(934): App\Controllers\Petugas\Login->login()
 3 SYSTEMPATH\CodeIgniter.php(499): CodeIgniter\CodeIgniter->runController(Object(App\Controllers\Petugas\Login))
 4 SYSTEMPATH\CodeIgniter.php(368): CodeIgniter\CodeIgniter->handleRequest(null, Object(Config\Cache), false)
 5 FCPATH\index.php(67): CodeIgniter\CodeIgniter->run()
 6 SYSTEMPATH\Commands\Server\rewrite.php(47): require_once('FCPATH\\index.php')
